<?xml version="1.0" encoding="UTF-8"?>
<!-- Generated by org.testng.reporters.JUnitXMLReporter -->
<testsuite ignored="0" hostname="DESKTOP-VELA3O5" failures="1" tests="2" name="Test" time="49.749" errors="0" timestamp="2020-10-28T07:43:37 SAST">
  <testcase classname="TestClasses.formTestClass" name="formTest" time="8.513"/>
  <testcase classname="TestClasses.formTestClass" name="formTest" time="19.323">
    <failure type="java.lang.NullPointerException" message="Cannot invoke &amp;quot;String.hashCode()&amp;quot; because &amp;quot;Gender&amp;quot; is null">
      <![CDATA[java.lang.NullPointerException: Cannot invoke "String.hashCode()" because "Gender" is null
at TestClasses.formTestClass.formTest(formTestClass.java:112)
at java.base/java.util.ArrayList.forEach(ArrayList.java:1511)
... Removed 27 stack frames]]>
    </failure>
  </testcase> <!-- formTest -->
</testsuite> <!-- Test -->
