<?xml version="1.0" encoding="UTF-8"?>
<!-- Generated by org.testng.reporters.JUnitXMLReporter -->
<testsuite ignored="0" hostname="DESKTOP-VELA3O5" failures="1" tests="1" name="Test" time="34.579" errors="0" timestamp="2020-10-27T17:59:14 SAST">
  <testcase classname="test.classes.formTestClass" name="formTest" time="0.063">
    <failure type="java.lang.NullPointerException" message="Cannot invoke &amp;quot;page.objects.formPageObjects.formsCard()&amp;quot; because &amp;quot;this.form_po&amp;quot; is null">
      <![CDATA[java.lang.NullPointerException: Cannot invoke "page.objects.formPageObjects.formsCard()" because "this.form_po" is null
at test.classes.formTestClass.formTest(formTestClass.java:35)
at java.base/java.util.ArrayList.forEach(ArrayList.java:1511)
... Removed 27 stack frames]]>
    </failure>
  </testcase> <!-- formTest -->
</testsuite> <!-- Test -->
