<?xml version="1.0" encoding="UTF-8"?>
<testng-results ignored="0" total="1" passed="1" failed="0" skipped="0">
  <reporter-output>
  </reporter-output>
  <suite started-at="2020-10-27T11:08:39 SAST" name="Suite" finished-at="2020-10-27T11:10:47 SAST" duration-ms="127312">
    <groups>
    </groups>
    <test started-at="2020-10-27T11:08:39 SAST" name="Test" finished-at="2020-10-27T11:10:47 SAST" duration-ms="127312">
      <class name="tests.testingInChrome">
        <test-method is-config="true" signature="setup()[pri:0, instance:tests.testingInChrome@53aad5d5]" started-at="2020-10-27T11:08:39 SAST" name="setup" finished-at="2020-10-27T11:09:36 SAST" duration-ms="56611" status="PASS">
          <reporter-output>
          </reporter-output>
        </test-method> <!-- setup -->
        <test-method signature="chromeTest()[pri:0, instance:tests.testingInChrome@53aad5d5]" started-at="2020-10-27T11:09:36 SAST" name="chromeTest" finished-at="2020-10-27T11:10:45 SAST" duration-ms="68537" status="PASS">
          <reporter-output>
          </reporter-output>
        </test-method> <!-- chromeTest -->
        <test-method is-config="true" signature="teardown()[pri:0, instance:tests.testingInChrome@53aad5d5]" started-at="2020-10-27T11:10:45 SAST" name="teardown" finished-at="2020-10-27T11:10:47 SAST" duration-ms="1914" status="PASS">
          <reporter-output>
          </reporter-output>
        </test-method> <!-- teardown -->
      </class> <!-- tests.testingInChrome -->
    </test> <!-- Test -->
  </suite> <!-- Suite -->
</testng-results>
